2     Entering   15    
2     Leaving    15    
1     Entering   24    
1     Leaving    24    
1     Entering   38    
1     Leaving    38    
2     Entering   42    
2     Leaving    42    
1     Entering   47    
1     Leaving    47    
2     Entering   53    
2     Leaving    53    
1     Entering   59    
1     Leaving    59    
2     Entering   98    
2     Leaving    98    
1     Entering   105   
1     Leaving    105   
1     Entering   116   
1     Leaving    116   
2     Entering   7     
2     Leaving    7     
2     Entering   52    
2     Leaving    52    
2     Entering   95    
2     Leaving    95    
2     Entering   119   
2     Leaving    119   
2     Entering   128   
2     Leaving    128   
2     Entering   150   
2     Leaving    150   
2     Entering   158   
2     Leaving    158   
1     Entering   164   
1     Leaving    164   
1     Entering   182   
1     Leaving    182   
1     Entering   11    
1     Leaving    11    
2     Entering   28    
2     Leaving    28    
1     Entering   51    
1     Leaving    51    
2     Entering   112   
2     Leaving    112   
1     Entering   164   
1     Leaving    164   
1     Entering   178   
1     Leaving    178   
2     Entering   193   
2     Leaving    193   
1     Entering   244   
1     Leaving    244   
2     Entering   252   
2     Leaving    252   
2     Entering   269   
2     Leaving    269   
1     Entering   286   
1     Leaving    286   
1     Entering   301   
1     Leaving    301   
1     Entering   330   
1     Leaving    330   
1     Entering   338   
1     Leaving    338   
2     Entering   346   
2     Leaving    346   
1     Entering   357   
1     Leaving    357   
2     Entering   373   
2     Leaving    373   
2     Entering   384   
2     Leaving    384   
2     Entering   400   
2     Leaving    400   
2     Entering   411   
2     Leaving    411   
2     Entering   28    
2     Leaving    28    
1     Entering   65    
1     Leaving    65    
2     Entering   80    
2     Leaving    80    
1     Entering   112   
1     Leaving    112   
1     Entering   143   
1     Leaving    143   
1     Entering   173   
1     Leaving    173   
2     Entering   177   
2     Leaving    177   
1     Entering   193   
1     Leaving    193   
2     Entering   199   
2     Leaving    199   
2     Entering   248   
2     Leaving    248   
2     Entering   32    
2     Leaving    32    
1     Entering   63    
1     Leaving    63    
2     Entering   79    
2     Leaving    79    
2     Entering   4     
2     Leaving    4     
1     Entering   16    
1     Leaving    16    
2     Entering   22    
2     Leaving    22    
2     Entering   4     
2     Leaving    4     
2     Entering   34    
2     Leaving    34    
2     Entering   55    
2     Leaving    55    
1     Entering   61    
1     Leaving    61    
1     Entering   67    
1     Leaving    67    
1     Entering   23    
1     Leaving    23    
2     Entering   29    
2     Leaving    29    
1     Entering   55    
1     Leaving    55    
1     Entering   77    
1     Leaving    77    
2     Entering   92    
2     Leaving    92    
1     Entering   102   
1     Leaving    102   
1     Entering   121   
1     Leaving    121   
2     Entering   131   
2     Leaving    131   
2     Entering   136   
2     Leaving    136   
2     Entering   141   
2     Leaving    141   
1     Entering   4     
1     Leaving    4     
1     Entering   22    
1     Leaving    22    
2     Entering   28    
2     Leaving    28    
1     Entering   10    
1     Leaving    10    
2     Entering   16    
2     Leaving    16    
1     Entering   31    
1     Leaving    31    
1     Entering   36    
1     Leaving    36    
1     Entering   60    
1     Leaving    60    
2     Entering   80    
2     Leaving    80    
2     Entering   119   
2     Leaving    119   
2     Entering   128   
2     Leaving    128   
1     Entering   144   
1     Leaving    144   
2     Entering   174   
2     Leaving    174   
2     Entering   187   
2     Leaving    187   
1     Entering   11    
1     Leaving    11    
1     Entering   67    
1     Leaving    67    
2     Entering   86    
2     Leaving    86    
1     Entering   120   
1     Leaving    120   
2     Entering   124   
2     Leaving    124   
2     Entering   156   
2     Leaving    156   
1     Entering   192   
1     Leaving    192   
2     Entering   202   
2     Leaving    202   
1     Entering   212   
1     Leaving    212   
1     Entering   221   
1     Leaving    221   
2     Entering   228   
2     Leaving    228   
2     Entering   19    
2     Leaving    19    
1     Entering   63    
1     Leaving    63    
1     Entering   84    
1     Leaving    84    
1     Entering   94    
2     Entering   6     
2     Leaving    6     
1     Entering   16    
1     Leaving    16    
1     Entering   34    
1     Leaving    34    
1     Entering   72    
1     Leaving    72    
2     Entering   78    
2     Leaving    78    
2     Entering   91    
2     Leaving    91    
1     Entering   99    
1     Leaving    99    
1     Entering   15    
1     Leaving    15    
2     Entering   22    
2     Leaving    22    
2     Entering   68    
2     Leaving    68    
4     Entering   6     
4     Leaving    6     
1     Entering   14    
1     Leaving    14    
3     Entering   42    
3     Leaving    42    
4     Entering   47    
4     Leaving    47    
2     Entering   57    
2     Leaving    57    
8     Entering   24    
8     Leaving    24    
1     Entering   36    
1     Leaving    36    
5     Entering   52    
5     Leaving    52    
8     Entering   64    
8     Leaving    64    
8     Entering   86    
8     Leaving    86    
1     Entering   99    
1     Leaving    99    
6     Entering   133   
6     Leaving    133   
4     Entering   151   
4     Leaving    151   
8     Entering   173   
8     Leaving    173   
7     Entering   216   
7     Leaving    216   
3     Entering   238   
3     Leaving    238   
10    Entering   248   
10    Leaving    248   
5     Entering   254   
5     Leaving    254   
9     Entering   267   
9     Leaving    267   
4     Entering   287   
4     Leaving    287   
7     Entering   313   
7     Leaving    313   
3     Entering   321   
3     Leaving    321   
10    Entering   343   
10    Leaving    343   
5     Entering   357   
5     Leaving    357   
7     Entering   373   
7     Leaving    373   
10    Entering   387   
10    Leaving    387   
4     Entering   396   
4     Leaving    396   
8     Entering   472   
8     Leaving    472   
5     Entering   506   
5     Leaving    506   
9     Entering   565   
9     Leaving    565   
9     Entering   12    
9     Leaving    12    
4     Entering   41    
4     Leaving    41    
3     Entering   57    
3     Leaving    57    
2     Entering   72    
2     Leaving    72    
6     Entering   86    
6     Leaving    86    
7     Entering   103   
7     Leaving    103   
3     Entering   139   
3     Leaving    139   
4     Entering   157   
4     Leaving    157   
10    Entering   165   
10    Leaving    165   
3     Entering   192   
3     Leaving    192   
9     Entering   202   
9     Leaving    202   
6     Entering   217   
6     Leaving    217   
9     Entering   268   
9     Leaving    268   
2     Entering   278   
2     Leaving    278   
6     Entering   293   
6     Leaving    293   
7     Entering   301   
7     Leaving    301   
8     Entering   312   
8     Leaving    312   
1     Entering   330   
1     Leaving    330   
3     Entering   344   
3     Leaving    344   
5     Entering   375   
5     Leaving    375   
4     Entering   417   
4     Leaving    417   
1     Entering   449   
1     Leaving    449   
6     Entering   469   
6     Leaving    469   
2     Entering   501   
2     Leaving    501   
8     Entering   509   
8     Leaving    509   
3     Entering   523   
3     Leaving    523   
4     Entering   530   
4     Leaving    530   
9     Entering   544   
9     Leaving    544   
10    Entering   570   
10    Leaving    570   
9     Entering   578   
9     Leaving    578   
1     Entering   612   
1     Leaving    612   
2     Entering   618   
2     Leaving    618   
7     Entering   635   
7     Leaving    635   
6     Entering   644   
6     Leaving    644   
10    Entering   653   
10    Leaving    653   
2     Entering   663   
2     Leaving    663   
5     Entering   673   
5     Leaving    673   
1     Entering   680   
1     Leaving    680   
5     Entering   732   
5     Leaving    732   
10    Entering   782   
10    Leaving    782   
7     Entering   831   
7     Leaving    831   
4     Entering   847   
4     Leaving    847   
10    Entering   873   
10    Leaving    873   
1     Entering   878   
1     Leaving    878   
5     Entering   926   
5     Leaving    926   
9     Entering   33    
9     Leaving    33    
7     Entering   61    
7     Leaving    61    
4     Entering   126   
4     Leaving    126   
6     Entering   143   
6     Leaving    143   
2     Entering   151   
2     Leaving    151   
9     Entering   163   
9     Leaving    163   
7     Entering   200   
7     Leaving    200   
9     Entering   14    
9     Leaving    14    
9     Entering   64    
9     Leaving    64    
2     Entering   90    
2     Leaving    90    
8     Entering   97    
8     Leaving    97    
3     Entering   109   
3     Leaving    109   
7     Entering   118   
7     Leaving    118   
5     Entering   142   
5     Leaving    142   
7     Entering   149   
7     Leaving    149   
9     Entering   27    
9     Leaving    27    
3     Entering   40    
3     Leaving    40    
7     Entering   47    
7     Leaving    47    
9     Entering   61    
9     Leaving    61    
4     Entering   71    
4     Leaving    71    
8     Entering   99    
8     Leaving    99    
9     Entering   108   
9     Leaving    108   
1     Entering   135   
1     Leaving    135   
5     Entering   177   
5     Leaving    177   
2     Entering   207   
2     Leaving    207   
2     Entering   245   
2     Leaving    245   
6     Entering   261   
6     Leaving    261   
5     Entering   272   
5     Leaving    272   
3     Entering   278   
3     Leaving    278   
6     Entering   351   
6     Leaving    351   
6     Entering   377   
6     Leaving    377   
9     Entering   384   
9     Leaving    384   
8     Entering   400   
8     Leaving    400   
4     Entering   407   
4     Leaving    407   
1     Entering   419   
1     Leaving    419   
3     Entering   435   
3     Leaving    435   
5     Entering   452   
5     Leaving    452   
1     Entering   485   
1     Leaving    485   
4     Entering   496   
4     Leaving    496   
9     Entering   507   
9     Leaving    507   
4     Entering   527   
4     Leaving    527   
6     Entering   545   
6     Leaving    545   
5     Entering   561   
5     Leaving    561   
4     Entering   566   
4     Leaving    566   
10    Entering   580   
10    Leaving    580   
7     Entering   599   
7     Leaving    599   
1     Entering   611   
1     Leaving    611   
5     Entering   641   
5     Leaving    641   
7     Entering   651   
7     Leaving    651   
3     Entering   693   
3     Leaving    693   
8     Entering   715   
8     Leaving    715   
3     Entering   743   
3     Leaving    743   
7     Entering   753   
7     Leaving    753   
8     Entering   760   
8     Leaving    760   
8     Entering   805   
8     Leaving    805   
10    Entering   812   
4     Entering   30    
4     Leaving    30    
10    Entering   52    
10    Leaving    52    
9     Entering   91    
9     Leaving    91    
7     Entering   117   
7     Leaving    117   
8     Entering   126   
8     Leaving    126   
9     Entering   136   
9     Leaving    136   
3     Entering   145   
3     Leaving    145   
7     Entering   162   
7     Leaving    162   
8     Entering   169   
8     Leaving    169   
1     Entering   179   
1     Leaving    179   
7     Entering   219   
7     Leaving    219   
3     Entering   255   
3     Leaving    255   
10    Entering   267   
10    Leaving    267   
2     Entering   272   
2     Leaving    272   
8     Entering   285   
8     Leaving    285   
4     Entering   294   
4     Leaving    294   
8     Entering   327   
8     Leaving    327   
5     Entering   352   
5     Leaving    352   
8     Entering   412   
8     Leaving    412   
1     Entering   446   
1     Leaving    446   
5     Entering   460   
5     Leaving    460   
5     Entering   498   
5     Leaving    498   
2     Entering   526   
2     Leaving    526   
6     Entering   532   
6     Leaving    532   
1     Entering   546   
1     Leaving    546   
7     Entering   556   
7     Leaving    556   
1     Entering   572   
1     Leaving    572   
9     Entering   590   
9     Leaving    590   
2     Entering   636   
2     Leaving    636   
1     Entering   658   
1     Leaving    658   
10    Entering   676   
10    Leaving    676   
7     Entering   696   
7     Leaving    696   
2     Entering   716   
2     Leaving    716   
2     Entering   770   
2     Leaving    770   
5     Entering   776   
5     Leaving    776   
3     Entering   805   
3     Leaving    805   
4     Entering   819   
4     Leaving    819   
9     Entering   827   
9     Leaving    827   
9     Entering   897   
9     Leaving    897   
10    Entering   913   
10    Leaving    913   
4     Entering   971   
4     Leaving    971   
10    Entering   1027  
10    Leaving    1027  
6     Entering   1033  
6     Leaving    1033  
6     Entering   1050  
6     Leaving    1050  
4     Entering   1064  
4     Leaving    1064  
3     Entering   1102  
3     Leaving    1102  
6     Entering   1125  
6     Leaving    1125  
6     Entering   1163  
6     Leaving    1163  
5     Entering   1177  
5     Leaving    1177  
3     Entering   1192  
3     Leaving    1192  
2     Entering   75    
2     Leaving    75    
5     Entering   84    
5     Leaving    84    
7     Entering   95    
7     Leaving    95    
10    Entering   128   
10    Leaving    128   
1     Entering   140   
1     Leaving    140   
3     Entering   151   
3     Leaving    151   
1     Entering   205   
1     Leaving    205   
6     Entering   216   
8     Entering   12    
8     Leaving    12    
9     Entering   41    
9     Leaving    41    
8     Entering   51    
8     Leaving    51    
2     Entering   65    
2     Leaving    65    
2     Entering   84    
2     Leaving    84    
5     Entering   96    
5     Leaving    96    
2     Entering   117   
2     Leaving    117   
6     Entering   48    
6     Leaving    48    
10    Entering   64    
10    Leaving    64    
2     Entering   74    
2     Leaving    74    
5     Entering   87    
5     Leaving    87    
3     Entering   107   
3     Leaving    107   
5     Entering   167   
5     Leaving    167   
3     Entering   203   
3     Leaving    203   
7     Entering   218   
7     Leaving    218   
1     Entering   250   
1     Leaving    250   
2     Entering   280   
2     Leaving    280   
10    Entering   319   
10    Leaving    319   
3     Entering   325   
3     Leaving    325   
6     Entering   342   
6     Leaving    342   
8     Entering   356   
8     Leaving    356   
2     Entering   372   
2     Leaving    372   
4     Entering   387   
4     Leaving    387   
6     Entering   398   
6     Leaving    398   
9     Entering   416   
9     Leaving    416   
2     Entering   434   
2     Leaving    434   
10    Entering   465   
10    Leaving    465   
9     Entering   473   
9     Leaving    473   
9     Entering   509   
9     Leaving    509   
2     Entering   525   
2     Leaving    525   
4     Entering   534   
4     Leaving    534   
10    Entering   616   
10    Leaving    616   
10    Entering   638   
10    Leaving    638   
4     Entering   647   
4     Leaving    647   
9     Entering   658   
9     Leaving    658   
7     Entering   662   
7     Leaving    662   
6     Entering   676   
6     Leaving    676   
5     Entering   682   
5     Leaving    682   
6     Entering   738   
6     Leaving    738   
7     Entering   748   
7     Leaving    748   
1     Entering   765   
1     Leaving    765   
4     Entering   785   
4     Leaving    785   
3     Entering   815   
3     Leaving    815   
7     Entering   849   
7     Leaving    849   
9     Entering   865   
9     Leaving    865   
7     Entering   889   
7     Leaving    889   
5     Entering   895   
5     Leaving    895   
4     Entering   934   
4     Leaving    934   
3     Entering   948   
3     Leaving    948   
5     Entering   964   
5     Leaving    964   
1     Entering   994   
1     Leaving    994   
8     Entering   1021  
8     Leaving    1021  
8     Entering   1042  
8     Leaving    1042  
1     Entering   1058  
1     Leaving    1058  
8     Entering   1062  
8     Leaving    1062  
8     Entering   1082  
8     Leaving    1082  
1     Entering   1098  
1     Leaving    1098  
